<?xml version="1.0" encoding="UTF-8"?>
<!-- Generated by org.testng.reporters.JUnitXMLReporter -->
<testsuite hostname="Lenovo" ignored="0" name="Test" tests="2" failures="2" timestamp="14 May 2021 17:35:16 GMT" time="0.103" errors="0">
  <testcase name="invokeBrowsers" time="0.0" classname="flower.pack.invoking">
    <failure type="org.testng.TestNGException" message="
Cannot inject @Test annotated Method [invokeBrowsers] with [class java.lang.String].
For more information on native dependency injection please refer to http://testng.org/doc/documentation-main.html#native-dependency-injection">
      <![CDATA[org.testng.TestNGException: 
Cannot inject @Test annotated Method [invokeBrowsers] with [class java.lang.String].
For more information on native dependency injection please refer to http://testng.org/doc/documentation-main.html#native-dependency-injection
... Removed 28 stack frames]]>
    </failure>
  </testcase> <!-- invokeBrowsers -->
  <testcase name="openURL" time="0.0" classname="flower.pack.invoking">
    <failure type="org.testng.TestNGException" message="
Cannot inject @Test annotated Method [openURL] with [class java.lang.String].
For more information on native dependency injection please refer to http://testng.org/doc/documentation-main.html#native-dependency-injection">
      <![CDATA[org.testng.TestNGException: 
Cannot inject @Test annotated Method [openURL] with [class java.lang.String].
For more information on native dependency injection please refer to http://testng.org/doc/documentation-main.html#native-dependency-injection
... Removed 28 stack frames]]>
    </failure>
  </testcase> <!-- openURL -->
</testsuite> <!-- Test -->
