<?xml version="1.0" encoding="UTF-8"?>
<testng-results skipped="0" failed="0" ignored="0" total="1" passed="1">
  <reporter-output>
  </reporter-output>
  <suite name="Default suite" duration-ms="39930" started-at="2021-05-14T17:42:30Z" finished-at="2021-05-14T17:43:10Z">
    <groups>
    </groups>
    <test name="Default test" duration-ms="39930" started-at="2021-05-14T17:42:30Z" finished-at="2021-05-14T17:43:10Z">
      <class name="flower.pack.invoking">
        <test-method status="PASS" signature="clickLogin()[pri:0, instance:flower.pack.invoking@204f30ec]" name="clickLogin" duration-ms="39859" started-at="2021-05-14T17:42:30Z" finished-at="2021-05-14T17:43:10Z">
          <reporter-output>
          </reporter-output>
        </test-method> <!-- clickLogin -->
      </class> <!-- flower.pack.invoking -->
    </test> <!-- Default test -->
  </suite> <!-- Default suite -->
</testng-results>
